Base path: C:/Program Files/Unity/Editor/Data
Pipe name: \\.\pipe\UnityShaderCompiler-32bit-1-2692
Cmd: getPlatforms
Cmd: compileSnippet
  api=5 type=0 insize=541 outsize=2079 kw=SHADOWS_DEPTH ok=1
Cmd: compileSnippet
  api=5 type=0 insize=541 outsize=761 kw=SHADOWS_CUBE ok=1
Cmd: compileSnippet
  api=5 type=1 insize=541 outsize=6 kw=SHADOWS_DEPTH ok=1
Cmd: compileSnippet
  api=5 type=1 insize=541 outsize=6 kw=SHADOWS_CUBE ok=1
Cmd: compileSnippet
  api=5 type=0 insize=6810 outsize=3297 kw=DIRECTIONAL SHADOWS_OFF LIGHTMAP_OFF DIRLIGHTMAP_OFF DYNAMICLIGHTMAP_OFF ok=1
Cmd: compileSnippet
  api=5 type=0 insize=6810 outsize=4141 kw=DIRECTIONAL SHADOWS_SCREEN LIGHTMAP_OFF DIRLIGHTMAP_OFF DYNAMICLIGHTMAP_OFF ok=1
Cmd: compileSnippet
  api=9 type=0 insize=6810 outsize=4888 kw=DIRECTIONAL SHADOWS_OFF LIGHTMAP_OFF DIRLIGHTMAP_OFF DYNAMICLIGHTMAP_OFF VERTEXLIGHT_ON ok=1
Cmd: compileSnippet
  api=5 type=0 insize=6810 outsize=4165 kw=DIRECTIONAL SHADOWS_SCREEN SHADOWS_NATIVE LIGHTMAP_OFF DIRLIGHTMAP_OFF DYNAMICLIGHTMAP_OFF ok=1
Cmd: compileSnippet
  api=5 type=0 insize=6810 outsize=5676 kw=DIRECTIONAL SHADOWS_SCREEN SHADOWS_NATIVE LIGHTMAP_OFF DIRLIGHTMAP_OFF DYNAMICLIGHTMAP_OFF VERTEXLIGHT_ON ok=1
Cmd: compileSnippet
  api=5 type=1 insize=6810 outsize=6 kw=DIRECTIONAL SHADOWS_OFF LIGHTMAP_OFF DIRLIGHTMAP_OFF DYNAMICLIGHTMAP_OFF ok=1
Cmd: compileSnippet
  api=5 type=1 insize=6810 outsize=6 kw=DIRECTIONAL SHADOWS_SCREEN LIGHTMAP_OFF DIRLIGHTMAP_OFF DYNAMICLIGHTMAP_OFF ok=1
Cmd: compileSnippet
  api=9 type=1 insize=6810 outsize=7 kw=DIRECTIONAL SHADOWS_SCREEN SHADOWS_NATIVE LIGHTMAP_OFF DIRLIGHTMAP_OFF DYNAMICLIGHTMAP_OFF ok=1
Cmd: compileSnippet
  api=5 type=0 insize=3647 outsize=2897 kw=POINT ok=1
Cmd: compileSnippet
  api=5 type=0 insize=3647 outsize=2362 kw=DIRECTIONAL ok=1
Cmd: compileSnippet
  api=5 type=0 insize=3647 outsize=3238 kw=SPOT ok=1
Cmd: compileSnippet
  api=5 type=0 insize=3647 outsize=2989 kw=POINT_COOKIE ok=1
Cmd: compileSnippet
  api=5 type=0 insize=3647 outsize=2793 kw=DIRECTIONAL_COOKIE ok=1
Cmd: compileSnippet
  api=5 type=1 insize=3647 outsize=6 kw=POINT ok=1
Cmd: compileSnippet
  api=5 type=1 insize=3647 outsize=6 kw=DIRECTIONAL ok=1
Cmd: compileSnippet
  api=5 type=1 insize=3647 outsize=6 kw=SPOT ok=1
Cmd: compileSnippet
  api=5 type=1 insize=3647 outsize=6 kw=POINT_COOKIE ok=1
Cmd: compileSnippet
  api=5 type=1 insize=3647 outsize=6 kw=DIRECTIONAL_COOKIE ok=1
Cmd: compileSnippet
  api=5 type=0 insize=2805 outsize=1320 kw= ok=1
Cmd: compileSnippet
  api=5 type=1 insize=2805 outsize=6 kw= ok=1
Cmd: compileSnippet
  api=5 type=0 insize=5974 outsize=3461 kw=LIGHTMAP_OFF DIRLIGHTMAP_OFF DYNAMICLIGHTMAP_OFF HDR_LIGHT_PREPASS_OFF ok=1
Cmd: compileSnippet
  api=5 type=0 insize=5974 outsize=3452 kw=LIGHTMAP_OFF DIRLIGHTMAP_OFF DYNAMICLIGHTMAP_OFF UNITY_HDR_ON ok=1
Cmd: compileSnippet
  api=5 type=1 insize=5974 outsize=6 kw=LIGHTMAP_OFF DIRLIGHTMAP_OFF DYNAMICLIGHTMAP_OFF HDR_LIGHT_PREPASS_OFF ok=1
Cmd: compileSnippet
  api=5 type=1 insize=5974 outsize=6 kw=LIGHTMAP_OFF DIRLIGHTMAP_OFF DYNAMICLIGHTMAP_OFF UNITY_HDR_ON ok=1
Cmd: compileSnippet
  api=5 type=0 insize=5928 outsize=3514 kw=LIGHTMAP_OFF DIRLIGHTMAP_OFF DYNAMICLIGHTMAP_OFF HDR_LIGHT_PREPASS_OFF ok=1
Cmd: compileSnippet
  api=9 type=0 insize=5928 outsize=3377 kw=LIGHTMAP_OFF DIRLIGHTMAP_OFF DYNAMICLIGHTMAP_OFF UNITY_HDR_ON ok=1
Cmd: compileSnippet
  api=5 type=1 insize=5928 outsize=6 kw=LIGHTMAP_OFF DIRLIGHTMAP_OFF DYNAMICLIGHTMAP_OFF HDR_LIGHT_PREPASS_OFF ok=1
Cmd: compileSnippet
  api=5 type=1 insize=5928 outsize=6 kw=LIGHTMAP_OFF DIRLIGHTMAP_OFF DYNAMICLIGHTMAP_OFF UNITY_HDR_ON ok=1
Cmd: compileSnippet
  api=5 type=0 insize=1275 outsize=3765 kw=POINT SHADOWS_OFF ok=1
Cmd: compileSnippet
  api=9 type=0 insize=1275 outsize=3458 kw=DIRECTIONAL SHADOWS_OFF ok=1
Cmd: compileSnippet
  api=9 type=0 insize=1275 outsize=4215 kw=SPOT SHADOWS_OFF ok=1
Cmd: compileSnippet
  api=9 type=0 insize=1275 outsize=4171 kw=POINT_COOKIE SHADOWS_OFF ok=1
Cmd: compileSnippet
  api=5 type=0 insize=1275 outsize=3765 kw=DIRECTIONAL_COOKIE SHADOWS_OFF ok=1
Cmd: compileSnippet
  api=5 type=0 insize=1275 outsize=5129 kw=SPOT SHADOWS_DEPTH SHADOWS_NATIVE ok=1
Cmd: compileSnippet
  api=5 type=0 insize=1275 outsize=3902 kw=DIRECTIONAL SHADOWS_SCREEN ok=1
Cmd: compileSnippet
  api=5 type=0 insize=1275 outsize=4191 kw=DIRECTIONAL_COOKIE SHADOWS_SCREEN ok=1
Cmd: compileSnippet
  api=9 type=0 insize=1275 outsize=4393 kw=POINT SHADOWS_CUBE ok=1
Cmd: compileSnippet
  api=9 type=0 insize=1275 outsize=4688 kw=POINT_COOKIE SHADOWS_CUBE ok=1
Cmd: compileSnippet
  api=5 type=0 insize=1275 outsize=5973 kw=SPOT SHADOWS_DEPTH SHADOWS_SOFT SHADOWS_NATIVE ok=1
Cmd: compileSnippet
  api=5 type=0 insize=1275 outsize=5843 kw=POINT SHADOWS_CUBE SHADOWS_SOFT ok=1
Cmd: compileSnippet
  api=5 type=0 insize=1275 outsize=6142 kw=POINT_COOKIE SHADOWS_CUBE SHADOWS_SOFT ok=1
Cmd: compileSnippet
  api=5 type=0 insize=1275 outsize=3902 kw=DIRECTIONAL SHADOWS_SCREEN SHADOWS_NATIVE ok=1
Cmd: compileSnippet
  api=5 type=0 insize=1275 outsize=4191 kw=DIRECTIONAL_COOKIE SHADOWS_SCREEN SHADOWS_NATIVE ok=1
Cmd: compileSnippet
  api=5 type=1 insize=1275 outsize=6 kw=POINT SHADOWS_OFF ok=1
Cmd: compileSnippet
  api=5 type=1 insize=1275 outsize=6 kw=DIRECTIONAL SHADOWS_OFF ok=1
Cmd: compileSnippet
  api=5 type=1 insize=1275 outsize=6 kw=SPOT SHADOWS_OFF ok=1
Cmd: compileSnippet
  api=5 type=1 insize=1275 outsize=6 kw=POINT_COOKIE SHADOWS_OFF ok=1
Cmd: compileSnippet
  api=5 type=1 insize=1275 outsize=6 kw=DIRECTIONAL_COOKIE SHADOWS_OFF ok=1
Cmd: compileSnippet
  api=5 type=1 insize=1275 outsize=6 kw=SPOT SHADOWS_DEPTH SHADOWS_NONATIVE ok=1
Cmd: compileSnippet
  api=9 type=1 insize=1275 outsize=7 kw=SPOT SHADOWS_DEPTH SHADOWS_NATIVE ok=1
Cmd: compileSnippet
  api=5 type=1 insize=1275 outsize=6 kw=DIRECTIONAL_COOKIE SHADOWS_SCREEN ok=1
Cmd: compileSnippet
  api=5 type=1 insize=1275 outsize=6 kw=POINT SHADOWS_CUBE ok=1
Cmd: compileSnippet
  api=9 type=1 insize=1275 outsize=7 kw=POINT_COOKIE SHADOWS_CUBE ok=1
Cmd: compileSnippet
  api=5 type=1 insize=1275 outsize=6 kw=SPOT SHADOWS_DEPTH SHADOWS_SOFT SHADOWS_NONATIVE ok=1
Cmd: compileSnippet
  api=9 type=1 insize=1275 outsize=7 kw=SPOT SHADOWS_DEPTH SHADOWS_SOFT SHADOWS_NATIVE ok=1
Cmd: compileSnippet
  api=5 type=1 insize=1275 outsize=6 kw=POINT_COOKIE SHADOWS_CUBE SHADOWS_SOFT ok=1
Cmd: compileSnippet
  api=9 type=1 insize=1275 outsize=7 kw=DIRECTIONAL SHADOWS_SCREEN SHADOWS_NATIVE ok=1
Cmd: compileSnippet
  api=9 type=1 insize=1275 outsize=7 kw=DIRECTIONAL_COOKIE SHADOWS_SCREEN SHADOWS_NATIVE ok=1
Cmd: compileSnippet
  api=5 type=0 insize=1268 outsize=3705 kw=POINT SHADOWS_OFF ok=1
Cmd: compileSnippet
  api=9 type=0 insize=1268 outsize=3398 kw=DIRECTIONAL SHADOWS_OFF ok=1
Cmd: compileSnippet
  api=5 type=0 insize=1268 outsize=4121 kw=SPOT SHADOWS_OFF ok=1
Cmd: compileSnippet
  api=9 type=0 insize=1268 outsize=4111 kw=POINT_COOKIE SHADOWS_OFF ok=1
Cmd: compileSnippet
  api=9 type=0 insize=1268 outsize=3741 kw=DIRECTIONAL_COOKIE SHADOWS_OFF ok=1
Cmd: compileSnippet
  api=5 type=0 insize=1268 outsize=5006 kw=SPOT SHADOWS_DEPTH SHADOWS_NONATIVE ok=1
Cmd: compileSnippet
  api=9 type=0 insize=1268 outsize=4964 kw=SPOT SHADOWS_DEPTH SHADOWS_NATIVE ok=1
Cmd: compileSnippet
  api=5 type=0 insize=1268 outsize=4406 kw=POINT SHADOWS_CUBE ok=1
Cmd: compileSnippet
  api=5 type=0 insize=1268 outsize=4705 kw=POINT_COOKIE SHADOWS_CUBE ok=1
Cmd: compileSnippet
  api=9 type=0 insize=1268 outsize=4628 kw=POINT_COOKIE SHADOWS_CUBE ok=1
Cmd: compileSnippet
  api=5 type=0 insize=1268 outsize=5913 kw=SPOT SHADOWS_DEPTH SHADOWS_SOFT SHADOWS_NATIVE ok=1
Cmd: compileSnippet
  api=5 type=0 insize=1268 outsize=5783 kw=POINT SHADOWS_CUBE SHADOWS_SOFT ok=1
Cmd: compileSnippet
  api=5 type=0 insize=1268 outsize=6082 kw=POINT_COOKIE SHADOWS_CUBE SHADOWS_SOFT ok=1
Cmd: compileSnippet
  api=5 type=0 insize=1268 outsize=3842 kw=DIRECTIONAL SHADOWS_SCREEN SHADOWS_NATIVE ok=1
Cmd: compileSnippet
  api=5 type=0 insize=1268 outsize=4131 kw=DIRECTIONAL_COOKIE SHADOWS_SCREEN SHADOWS_NATIVE ok=1
Cmd: compileSnippet
  api=5 type=1 insize=1268 outsize=6 kw=POINT SHADOWS_OFF ok=1
Cmd: compileSnippet
  api=5 type=1 insize=1268 outsize=6 kw=DIRECTIONAL SHADOWS_OFF ok=1
Cmd: compileSnippet
  api=9 type=1 insize=1268 outsize=7 kw=SPOT SHADOWS_OFF ok=1
Cmd: compileSnippet
  api=9 type=1 insize=1268 outsize=7 kw=POINT_COOKIE SHADOWS_OFF ok=1
Cmd: compileSnippet
  api=5 type=1 insize=1268 outsize=6 kw=SPOT SHADOWS_DEPTH SHADOWS_NONATIVE ok=1
Cmd: compileSnippet
  api=9 type=1 insize=1268 outsize=7 kw=SPOT SHADOWS_DEPTH SHADOWS_NATIVE ok=1
Cmd: compileSnippet
  api=5 type=1 insize=1268 outsize=6 kw=DIRECTIONAL_COOKIE SHADOWS_SCREEN ok=1
Cmd: compileSnippet
  api=9 type=1 insize=1268 outsize=7 kw=POINT SHADOWS_CUBE ok=1
Cmd: compileSnippet
  api=9 type=1 insize=1268 outsize=7 kw=POINT_COOKIE SHADOWS_CUBE ok=1
Cmd: compileSnippet
  api=5 type=1 insize=1268 outsize=6 kw=SPOT SHADOWS_DEPTH SHADOWS_SOFT SHADOWS_NATIVE ok=1
Cmd: compileSnippet
  api=5 type=1 insize=1268 outsize=6 kw=POINT SHADOWS_CUBE SHADOWS_SOFT ok=1
Cmd: compileSnippet
  api=5 type=1 insize=1268 outsize=6 kw=POINT_COOKIE SHADOWS_CUBE SHADOWS_SOFT ok=1
Cmd: compileSnippet
  api=5 type=1 insize=1268 outsize=6 kw=DIRECTIONAL SHADOWS_SCREEN SHADOWS_NATIVE ok=1
Cmd: compileSnippet
  api=5 type=1 insize=1268 outsize=6 kw=DIRECTIONAL_COOKIE SHADOWS_SCREEN SHADOWS_NATIVE ok=1
Cmd: compileSnippet
  api=5 type=0 insize=1273 outsize=3710 kw=POINT SHADOWS_OFF ok=1
Cmd: compileSnippet
  api=5 type=0 insize=1273 outsize=3365 kw=DIRECTIONAL SHADOWS_OFF ok=1
Cmd: compileSnippet
  api=9 type=0 insize=1273 outsize=4160 kw=SPOT SHADOWS_OFF ok=1
Cmd: compileSnippet
  api=9 type=0 insize=1273 outsize=4116 kw=POINT_COOKIE SHADOWS_OFF ok=1
Cmd: compileSnippet
  api=9 type=0 insize=1273 outsize=3746 kw=DIRECTIONAL_COOKIE SHADOWS_OFF ok=1
Cmd: compileSnippet
  api=5 type=0 insize=1273 outsize=5074 kw=SPOT SHADOWS_DEPTH SHADOWS_NATIVE ok=1
Cmd: compileSnippet
  api=5 type=0 insize=1273 outsize=3847 kw=DIRECTIONAL SHADOWS_SCREEN ok=1
Cmd: compileSnippet
  api=5 type=0 insize=1273 outsize=4136 kw=DIRECTIONAL_COOKIE SHADOWS_SCREEN ok=1
Cmd: compileSnippet
  api=9 type=0 insize=1273 outsize=4338 kw=POINT SHADOWS_CUBE ok=1
Cmd: compileSnippet
  api=9 type=0 insize=1273 outsize=4633 kw=POINT_COOKIE SHADOWS_CUBE ok=1
Cmd: compileSnippet
  api=5 type=0 insize=1273 outsize=5918 kw=SPOT SHADOWS_DEPTH SHADOWS_SOFT SHADOWS_NATIVE ok=1
Cmd: compileSnippet
  api=5 type=0 insize=1273 outsize=5788 kw=POINT SHADOWS_CUBE SHADOWS_SOFT ok=1
Cmd: compileSnippet
  api=5 type=0 insize=1273 outsize=6087 kw=POINT_COOKIE SHADOWS_CUBE SHADOWS_SOFT ok=1
Cmd: compileSnippet
  api=9 type=0 insize=1273 outsize=3883 kw=DIRECTIONAL SHADOWS_SCREEN SHADOWS_NATIVE ok=1
Cmd: compileSnippet
  api=9 type=0 insize=1273 outsize=4170 kw=DIRECTIONAL_COOKIE SHADOWS_SCREEN SHADOWS_NATIVE ok=1
Cmd: compileSnippet
  api=5 type=1 insize=1273 outsize=6 kw=POINT SHADOWS_OFF ok=1
Cmd: compileSnippet
  api=5 type=1 insize=1273 outsize=6 kw=DIRECTIONAL SHADOWS_OFF ok=1
Cmd: compileSnippet
  api=5 type=1 insize=1273 outsize=6 kw=SPOT SHADOWS_OFF ok=1
Cmd: compileSnippet
  api=9 type=1 insize=1273 outsize=7 kw=POINT_COOKIE SHADOWS_OFF ok=1
Cmd: compileSnippet
  api=9 type=1 insize=1273 outsize=7 kw=DIRECTIONAL_COOKIE SHADOWS_OFF ok=1
Cmd: compileSnippet
  api=5 type=1 insize=1273 outsize=6 kw=SPOT SHADOWS_DEPTH SHADOWS_NATIVE ok=1
Cmd: compileSnippet
  api=5 type=1 insize=1273 outsize=6 kw=DIRECTIONAL SHADOWS_SCREEN ok=1
Cmd: compileSnippet
  api=5 type=1 insize=1273 outsize=6 kw=POINT SHADOWS_CUBE ok=1
Cmd: compileSnippet
  api=5 type=1 insize=1273 outsize=6 kw=POINT_COOKIE SHADOWS_CUBE ok=1
Cmd: compileSnippet
  api=5 type=1 insize=1273 outsize=6 kw=SPOT SHADOWS_DEPTH SHADOWS_SOFT SHADOWS_NONATIVE ok=1
Cmd: compileSnippet
  api=9 type=1 insize=1273 outsize=7 kw=SPOT SHADOWS_DEPTH SHADOWS_SOFT SHADOWS_NATIVE ok=1
Cmd: compileSnippet
  api=9 type=1 insize=1273 outsize=7 kw=POINT SHADOWS_CUBE SHADOWS_SOFT ok=1
Cmd: compileSnippet
  api=9 type=1 insize=1273 outsize=7 kw=POINT_COOKIE SHADOWS_CUBE SHADOWS_SOFT ok=1
Cmd: compileSnippet
  api=9 type=1 insize=1273 outsize=7 kw=DIRECTIONAL SHADOWS_SCREEN SHADOWS_NATIVE ok=1
Cmd: compileSnippet
  api=5 type=1 insize=1273 outsize=6 kw=DIRECTIONAL_COOKIE SHADOWS_SCREEN SHADOWS_NATIVE ok=1
Cmd: compileSnippet
  api=5 type=0 insize=1934 outsize=3896 kw=POINT SHADOWS_OFF ok=1
Cmd: compileSnippet
  api=5 type=0 insize=1934 outsize=3507 kw=DIRECTIONAL SHADOWS_OFF ok=1
Cmd: compileSnippet
  api=5 type=0 insize=1934 outsize=4310 kw=SPOT SHADOWS_OFF ok=1
Cmd: compileSnippet
  api=5 type=0 insize=1934 outsize=4268 kw=POINT_COOKIE SHADOWS_OFF ok=1
Cmd: compileSnippet
  api=9 type=0 insize=1934 outsize=3927 kw=DIRECTIONAL_COOKIE SHADOWS_OFF ok=1
Cmd: compileSnippet
  api=5 type=0 insize=1934 outsize=5432 kw=SPOT SHADOWS_DEPTH SHADOWS_NATIVE ok=1
Cmd: compileSnippet
  api=5 type=0 insize=1934 outsize=4205 kw=DIRECTIONAL SHADOWS_SCREEN ok=1
Cmd: compileSnippet
  api=5 type=0 insize=1934 outsize=4444 kw=DIRECTIONAL_COOKIE SHADOWS_SCREEN ok=1
Cmd: compileSnippet
  api=9 type=0 insize=1934 outsize=4468 kw=POINT SHADOWS_CUBE ok=1
Cmd: compileSnippet
  api=9 type=0 insize=1934 outsize=4763 kw=POINT_COOKIE SHADOWS_CUBE ok=1
Cmd: compileSnippet
  api=5 type=0 insize=1934 outsize=6276 kw=SPOT SHADOWS_DEPTH SHADOWS_SOFT SHADOWS_NATIVE ok=1
Cmd: compileSnippet
  api=5 type=0 insize=1934 outsize=5922 kw=POINT SHADOWS_CUBE SHADOWS_SOFT ok=1
Cmd: compileSnippet
  api=5 type=0 insize=1934 outsize=6221 kw=POINT_COOKIE SHADOWS_CUBE SHADOWS_SOFT ok=1
Cmd: compileSnippet
  api=9 type=0 insize=1934 outsize=4237 kw=DIRECTIONAL SHADOWS_SCREEN SHADOWS_NATIVE ok=1
Cmd: compileSnippet
  api=9 type=0 insize=1934 outsize=4474 kw=DIRECTIONAL_COOKIE SHADOWS_SCREEN SHADOWS_NATIVE ok=1
Cmd: compileSnippet
  api=9 type=0 insize=1934 outsize=3819 kw=POINT SHADOWS_OFF UNITY_HDR_ON ok=1
Cmd: compileSnippet
  api=5 type=0 insize=1934 outsize=3399 kw=DIRECTIONAL SHADOWS_OFF UNITY_HDR_ON ok=1
Cmd: compileSnippet
  api=9 type=0 insize=1934 outsize=4231 kw=SPOT SHADOWS_OFF UNITY_HDR_ON ok=1
Cmd: compileSnippet
  api=9 type=0 insize=1934 outsize=4187 kw=POINT_COOKIE SHADOWS_OFF UNITY_HDR_ON ok=1
Cmd: compileSnippet
  api=5 type=0 insize=1934 outsize=3786 kw=DIRECTIONAL_COOKIE SHADOWS_OFF UNITY_HDR_ON ok=1
Cmd: compileSnippet
  api=5 type=0 insize=1934 outsize=5322 kw=SPOT SHADOWS_DEPTH SHADOWS_NATIVE UNITY_HDR_ON ok=1
Cmd: compileSnippet
  api=5 type=0 insize=1934 outsize=4096 kw=DIRECTIONAL SHADOWS_SCREEN UNITY_HDR_ON ok=1
Cmd: compileSnippet
  api=5 type=0 insize=1934 outsize=4334 kw=DIRECTIONAL_COOKIE SHADOWS_SCREEN UNITY_HDR_ON ok=1
Cmd: compileSnippet
  api=9 type=0 insize=1934 outsize=4359 kw=POINT SHADOWS_CUBE UNITY_HDR_ON ok=1
Cmd: compileSnippet
  api=5 type=0 insize=1934 outsize=6670 kw=SPOT SHADOWS_DEPTH SHADOWS_SOFT UNITY_HDR_ON SHADOWS_NONATIVE ok=1
Cmd: compileSnippet
  api=9 type=0 insize=1934 outsize=6106 kw=SPOT SHADOWS_DEPTH SHADOWS_SOFT SHADOWS_NATIVE UNITY_HDR_ON ok=1
Cmd: compileSnippet
  api=9 type=0 insize=1934 outsize=5609 kw=POINT SHADOWS_CUBE SHADOWS_SOFT UNITY_HDR_ON ok=1
Cmd: compileSnippet
  api=9 type=0 insize=1934 outsize=5904 kw=POINT_COOKIE SHADOWS_CUBE SHADOWS_SOFT UNITY_HDR_ON ok=1
Cmd: compileSnippet
  api=9 type=0 insize=1934 outsize=4128 kw=DIRECTIONAL SHADOWS_SCREEN SHADOWS_NATIVE UNITY_HDR_ON ok=1
Cmd: compileSnippet
  api=9 type=0 insize=1934 outsize=4364 kw=DIRECTIONAL_COOKIE SHADOWS_SCREEN SHADOWS_NATIVE UNITY_HDR_ON ok=1
Cmd: compileSnippet
  api=5 type=1 insize=1934 outsize=6 kw=POINT SHADOWS_OFF ok=1
Cmd: compileSnippet
  api=5 type=1 insize=1934 outsize=6 kw=DIRECTIONAL SHADOWS_OFF ok=1
Cmd: compileSnippet
  api=5 type=1 insize=1934 outsize=6 kw=SPOT SHADOWS_OFF ok=1
Cmd: compileSnippet
  api=5 type=1 insize=1934 outsize=6 kw=POINT_COOKIE SHADOWS_OFF ok=1
Cmd: compileSnippet
  api=5 type=1 insize=1934 outsize=6 kw=DIRECTIONAL_COOKIE SHADOWS_OFF ok=1
Cmd: compileSnippet
  api=5 type=1 insize=1934 outsize=6 kw=SPOT SHADOWS_DEPTH SHADOWS_NONATIVE ok=1
Cmd: compileSnippet
  api=9 type=1 insize=1934 outsize=7 kw=SPOT SHADOWS_DEPTH SHADOWS_NATIVE ok=1
Cmd: compileSnippet
  api=5 type=1 insize=1934 outsize=6 kw=DIRECTIONAL_COOKIE SHADOWS_SCREEN ok=1
Cmd: compileSnippet
  api=9 type=1 insize=1934 outsize=7 kw=POINT SHADOWS_CUBE ok=1
Cmd: compileSnippet
  api=9 type=1 insize=1934 outsize=7 kw=POINT_COOKIE SHADOWS_CUBE ok=1
Cmd: compileSnippet
  api=5 type=1 insize=1934 outsize=6 kw=SPOT SHADOWS_DEPTH SHADOWS_SOFT SHADOWS_NATIVE ok=1
Cmd: compileSnippet
  api=5 type=1 insize=1934 outsize=6 kw=POINT SHADOWS_CUBE SHADOWS_SOFT ok=1
Cmd: compileSnippet
  api=5 type=1 insize=1934 outsize=6 kw=POINT_COOKIE SHADOWS_CUBE SHADOWS_SOFT ok=1
Cmd: compileSnippet
  api=5 type=1 insize=1934 outsize=6 kw=DIRECTIONAL SHADOWS_SCREEN SHADOWS_NATIVE ok=1
Cmd: compileSnippet
  api=5 type=1 insize=1934 outsize=6 kw=DIRECTIONAL_COOKIE SHADOWS_SCREEN SHADOWS_NATIVE ok=1
Cmd: compileSnippet
  api=9 type=1 insize=1934 outsize=7 kw=DIRECTIONAL_COOKIE SHADOWS_SCREEN SHADOWS_NATIVE ok=1
Cmd: compileSnippet
  api=9 type=1 insize=1934 outsize=7 kw=POINT SHADOWS_OFF UNITY_HDR_ON ok=1
Cmd: compileSnippet
  api=5 type=1 insize=1934 outsize=6 kw=DIRECTIONAL SHADOWS_OFF UNITY_HDR_ON ok=1
Cmd: compileSnippet
  api=5 type=1 insize=1934 outsize=6 kw=SPOT SHADOWS_OFF UNITY_HDR_ON ok=1
Cmd: compileSnippet
  api=5 type=1 insize=1934 outsize=6 kw=POINT_COOKIE SHADOWS_OFF UNITY_HDR_ON ok=1
Cmd: compileSnippet
  api=5 type=1 insize=1934 outsize=6 kw=DIRECTIONAL_COOKIE SHADOWS_OFF UNITY_HDR_ON ok=1
Cmd: compileSnippet
  api=9 type=1 insize=1934 outsize=7 kw=DIRECTIONAL_COOKIE SHADOWS_OFF UNITY_HDR_ON ok=1
Cmd: compileSnippet
  api=5 type=1 insize=1934 outsize=6 kw=SPOT SHADOWS_DEPTH SHADOWS_NATIVE UNITY_HDR_ON ok=1
Cmd: compileSnippet
  api=5 type=1 insize=1934 outsize=6 kw=DIRECTIONAL SHADOWS_SCREEN UNITY_HDR_ON ok=1
Cmd: compileSnippet
  api=5 type=1 insize=1934 outsize=6 kw=POINT SHADOWS_CUBE UNITY_HDR_ON ok=1
Cmd: compileSnippet
  api=5 type=1 insize=1934 outsize=6 kw=POINT_COOKIE SHADOWS_CUBE UNITY_HDR_ON ok=1
Cmd: compileSnippet
  api=9 type=1 insize=1934 outsize=7 kw=POINT_COOKIE SHADOWS_CUBE UNITY_HDR_ON ok=1
Cmd: compileSnippet
  api=5 type=1 insize=1934 outsize=6 kw=SPOT SHADOWS_DEPTH SHADOWS_SOFT SHADOWS_NATIVE UNITY_HDR_ON ok=1
Cmd: compileSnippet
  api=5 type=1 insize=1934 outsize=6 kw=POINT SHADOWS_CUBE SHADOWS_SOFT UNITY_HDR_ON ok=1
Cmd: compileSnippet
  api=5 type=1 insize=1934 outsize=6 kw=POINT_COOKIE SHADOWS_CUBE SHADOWS_SOFT UNITY_HDR_ON ok=1
Cmd: compileSnippet
  api=5 type=1 insize=1934 outsize=6 kw=DIRECTIONAL SHADOWS_SCREEN SHADOWS_NATIVE UNITY_HDR_ON ok=1
Cmd: compileSnippet
  api=9 type=1 insize=1934 outsize=7 kw=DIRECTIONAL_COOKIE SHADOWS_SCREEN SHADOWS_NATIVE UNITY_HDR_ON ok=1
Cmd: compileSnippet
  api=5 type=0 insize=683 outsize=505 kw= ok=1
Cmd: compileSnippet
  api=5 type=1 insize=683 outsize=6 kw= ok=1
Cmd: compileSnippet
  api=5 type=0 insize=1051 outsize=1017 kw= ok=1
Cmd: compileSnippet
  api=5 type=1 insize=1051 outsize=6 kw= ok=1
Cmd: compileSnippet
  api=5 type=0 insize=1089 outsize=829 kw= ok=1
Cmd: compileSnippet
  api=5 type=1 insize=1089 outsize=6 kw= ok=1
Cmd: compileSnippet
  api=5 type=0 insize=6481 outsize=21177 kw= ok=1
Cmd: compileSnippet
  api=5 type=1 insize=6481 outsize=6 kw= ok=1
Cmd: compileSnippet
  api=5 type=0 insize=723 outsize=856 kw= ok=1
Cmd: compileSnippet
  api=5 type=1 insize=723 outsize=6 kw= ok=1
Cmd: compileSnippet
  api=5 type=0 insize=1079 outsize=1451 kw= ok=1
Cmd: compileSnippet
  api=5 type=1 insize=1079 outsize=6 kw= ok=1
